This is pdfTeX, Version 3.141592653-2.6-1.40.22 (TeX Live 2021/NixOS.org) (preloaded format=pdflatex 1980.1.1)  28 NOV 2022 15:23
entering extended mode
 restricted \write18 enabled.
 %&-line parsing enabled.
**./main.tex
(./main.tex
LaTeX2e <2021-11-15> patch level 1
L3 programming layer <2022-02-24>
(/nix/store/jvgyj33g4m4rhf452ixin41y1sq1946a-texlive-combined-full-2021-final/s
hare/texmf/tex/latex/base/article.cls
Document Class: article 2021/10/04 v1.4n Standard LaTeX document class

(/nix/store/jvgyj33g4m4rhf452ixin41y1sq1946a-texlive-combined-full-2021-final/s
hare/texmf/tex/latex/base/size10.clo
File: size10.clo 2021/10/04 v1.4n Standard LaTeX file (size option)
)
\c@part=\count185
\c@section=\count186
\c@subsection=\count187
\c@subsubsection=\count188
\c@paragraph=\count189
\c@subparagraph=\count190
\c@figure=\count191
\c@table=\count192
\abovecaptionskip=\skip47
\belowcaptionskip=\skip48
\bibindent=\dimen138
)
(/nix/store/jvgyj33g4m4rhf452ixin41y1sq1946a-texlive-combined-full-2021-final/s
hare/texmf/tex/latex/base/inputenc.sty
Package: inputenc 2021/02/14 v1.3d Input encoding file
\inpenc@prehook=\toks16
\inpenc@posthook=\toks17
)
(/nix/store/jvgyj33g4m4rhf452ixin41y1sq1946a-texlive-combined-full-2021-final/s
hare/texmf/tex/latex/hyperref/hyperref.sty
Package: hyperref 2022-02-21 v7.00n Hypertext links for LaTeX

(/nix/store/jvgyj33g4m4rhf452ixin41y1sq1946a-texlive-combined-full-2021-final/s
hare/texmf/tex/generic/ltxcmds/ltxcmds.sty
Package: ltxcmds 2020-05-10 v1.25 LaTeX kernel commands for general use (HO)
)
(/nix/store/jvgyj33g4m4rhf452ixin41y1sq1946a-texlive-combined-full-2021-final/s
hare/texmf/tex/generic/iftex/iftex.sty
Package: iftex 2022/02/03 v1.0f TeX engine tests
)
(/nix/store/jvgyj33g4m4rhf452ixin41y1sq1946a-texlive-combined-full-2021-final/s
hare/texmf/tex/generic/pdftexcmds/pdftexcmds.sty
Package: pdftexcmds 2020-06-27 v0.33 Utility functions of pdfTeX for LuaTeX (HO
)

(/nix/store/jvgyj33g4m4rhf452ixin41y1sq1946a-texlive-combined-full-2021-final/s
hare/texmf/tex/generic/infwarerr/infwarerr.sty
Package: infwarerr 2019/12/03 v1.5 Providing info/warning/error messages (HO)
)
Package pdftexcmds Info: \pdf@primitive is available.
Package pdftexcmds Info: \pdf@ifprimitive is available.
Package pdftexcmds Info: \pdfdraftmode found.
)
(/nix/store/jvgyj33g4m4rhf452ixin41y1sq1946a-texlive-combined-full-2021-final/s
hare/texmf/tex/latex/graphics/keyval.sty
Package: keyval 2014/10/28 v1.15 key=value parser (DPC)
\KV@toks@=\toks18
)
(/nix/store/jvgyj33g4m4rhf452ixin41y1sq1946a-texlive-combined-full-2021-final/s
hare/texmf/tex/generic/kvsetkeys/kvsetkeys.sty
Package: kvsetkeys 2019/12/15 v1.18 Key value parser (HO)
)
(/nix/store/jvgyj33g4m4rhf452ixin41y1sq1946a-texlive-combined-full-2021-final/s
hare/texmf/tex/generic/kvdefinekeys/kvdefinekeys.sty
Package: kvdefinekeys 2019-12-19 v1.6 Define keys (HO)
)
(/nix/store/jvgyj33g4m4rhf452ixin41y1sq1946a-texlive-combined-full-2021-final/s
hare/texmf/tex/generic/pdfescape/pdfescape.sty
Package: pdfescape 2019/12/09 v1.15 Implements pdfTeX's escape features (HO)
)
(/nix/store/jvgyj33g4m4rhf452ixin41y1sq1946a-texlive-combined-full-2021-final/s
hare/texmf/tex/latex/hycolor/hycolor.sty
Package: hycolor 2020-01-27 v1.10 Color options for hyperref/bookmark (HO)
)
(/nix/store/jvgyj33g4m4rhf452ixin41y1sq1946a-texlive-combined-full-2021-final/s
hare/texmf/tex/latex/letltxmacro/letltxmacro.sty
Package: letltxmacro 2019/12/03 v1.6 Let assignment for LaTeX macros (HO)
)
(/nix/store/jvgyj33g4m4rhf452ixin41y1sq1946a-texlive-combined-full-2021-final/s
hare/texmf/tex/latex/auxhook/auxhook.sty
Package: auxhook 2019-12-17 v1.6 Hooks for auxiliary files (HO)
)
(/nix/store/jvgyj33g4m4rhf452ixin41y1sq1946a-texlive-combined-full-2021-final/s
hare/texmf/tex/latex/kvoptions/kvoptions.sty
Package: kvoptions 2020-10-07 v3.14 Key value format for package options (HO)
)
\@linkdim=\dimen139
\Hy@linkcounter=\count193
\Hy@pagecounter=\count194

(/nix/store/jvgyj33g4m4rhf452ixin41y1sq1946a-texlive-combined-full-2021-final/s
hare/texmf/tex/latex/hyperref/pd1enc.def
File: pd1enc.def 2022-02-21 v7.00n Hyperref: PDFDocEncoding definition (HO)
Now handling font encoding PD1 ...
... no UTF-8 mapping file for font encoding PD1
)
(/nix/store/jvgyj33g4m4rhf452ixin41y1sq1946a-texlive-combined-full-2021-final/s
hare/texmf/tex/generic/intcalc/intcalc.sty
Package: intcalc 2019/12/15 v1.3 Expandable calculations with integers (HO)
)
(/nix/store/jvgyj33g4m4rhf452ixin41y1sq1946a-texlive-combined-full-2021-final/s
hare/texmf/tex/generic/etexcmds/etexcmds.sty
Package: etexcmds 2019/12/15 v1.7 Avoid name clashes with e-TeX commands (HO)
)
\Hy@SavedSpaceFactor=\count195

(/nix/store/jvgyj33g4m4rhf452ixin41y1sq1946a-texlive-combined-full-2021-final/s
hare/texmf/tex/latex/hyperref/puenc.def
File: puenc.def 2022-02-21 v7.00n Hyperref: PDF Unicode definition (HO)
Now handling font encoding PU ...
... no UTF-8 mapping file for font encoding PU
)
Package hyperref Info: Hyper figures OFF on input line 4137.
Package hyperref Info: Link nesting OFF on input line 4142.
Package hyperref Info: Hyper index ON on input line 4145.
Package hyperref Info: Plain pages OFF on input line 4152.
Package hyperref Info: Backreferencing OFF on input line 4157.
Package hyperref Info: Implicit mode ON; LaTeX internals redefined.
Package hyperref Info: Bookmarks ON on input line 4390.
\c@Hy@tempcnt=\count196

(/nix/store/jvgyj33g4m4rhf452ixin41y1sq1946a-texlive-combined-full-2021-final/s
hare/texmf/tex/latex/url/url.sty
\Urlmuskip=\muskip16
Package: url 2013/09/16  ver 3.4  Verb mode for urls, etc.
)
LaTeX Info: Redefining \url on input line 4749.
\XeTeXLinkMargin=\dimen140

(/nix/store/jvgyj33g4m4rhf452ixin41y1sq1946a-texlive-combined-full-2021-final/s
hare/texmf/tex/generic/bitset/bitset.sty
Package: bitset 2019/12/09 v1.3 Handle bit-vector datatype (HO)

(/nix/store/jvgyj33g4m4rhf452ixin41y1sq1946a-texlive-combined-full-2021-final/s
hare/texmf/tex/generic/bigintcalc/bigintcalc.sty
Package: bigintcalc 2019/12/15 v1.5 Expandable calculations on big integers (HO
)
))
\Fld@menulength=\count197
\Field@Width=\dimen141
\Fld@charsize=\dimen142
Package hyperref Info: Hyper figures OFF on input line 6027.
Package hyperref Info: Link nesting OFF on input line 6032.
Package hyperref Info: Hyper index ON on input line 6035.
Package hyperref Info: backreferencing OFF on input line 6042.
Package hyperref Info: Link coloring OFF on input line 6047.
Package hyperref Info: Link coloring with OCG OFF on input line 6052.
Package hyperref Info: PDF/A mode OFF on input line 6057.
LaTeX Info: Redefining \ref on input line 6097.
LaTeX Info: Redefining \pageref on input line 6101.

(/nix/store/jvgyj33g4m4rhf452ixin41y1sq1946a-texlive-combined-full-2021-final/s
hare/texmf/tex/latex/base/atbegshi-ltx.sty
Package: atbegshi-ltx 2021/01/10 v1.0c Emulation of the original atbegshi
package with kernel methods
)
\Hy@abspage=\count198
\c@Item=\count199
\c@Hfootnote=\count266
)
Package hyperref Info: Driver (autodetected): hpdftex.

(/nix/store/jvgyj33g4m4rhf452ixin41y1sq1946a-texlive-combined-full-2021-final/s
hare/texmf/tex/latex/hyperref/hpdftex.def
File: hpdftex.def 2022-02-21 v7.00n Hyperref driver for pdfTeX

(/nix/store/jvgyj33g4m4rhf452ixin41y1sq1946a-texlive-combined-full-2021-final/s
hare/texmf/tex/latex/base/atveryend-ltx.sty
Package: atveryend-ltx 2020/08/19 v1.0a Emulation of the original atveryend pac
kage
with kernel methods
)
\Fld@listcount=\count267
\c@bookmark@seq@number=\count268

(/nix/store/jvgyj33g4m4rhf452ixin41y1sq1946a-texlive-combined-full-2021-final/s
hare/texmf/tex/latex/rerunfilecheck/rerunfilecheck.sty
Package: rerunfilecheck 2019/12/05 v1.9 Rerun checks for auxiliary files (HO)

(/nix/store/jvgyj33g4m4rhf452ixin41y1sq1946a-texlive-combined-full-2021-final/s
hare/texmf/tex/generic/uniquecounter/uniquecounter.sty
Package: uniquecounter 2019/12/15 v1.4 Provide unlimited unique counter (HO)
)
Package uniquecounter Info: New unique counter `rerunfilecheck' on input line 2
86.
)
\Hy@SectionHShift=\skip49
)
(/nix/store/jvgyj33g4m4rhf452ixin41y1sq1946a-texlive-combined-full-2021-final/s
hare/texmf/tex/latex/l3backend/l3backend-pdftex.def
File: l3backend-pdftex.def 2022-02-07 L3 backend support: PDF output (pdfTeX)
\l__color_backend_stack_int=\count269
\l__pdf_internal_box=\box50
)
No file main.aux.
\openout1 = `main.aux'.

LaTeX Font Info:    Checking defaults for OML/cmm/m/it on input line 10.
LaTeX Font Info:    ... okay on input line 10.
LaTeX Font Info:    Checking defaults for OMS/cmsy/m/n on input line 10.
LaTeX Font Info:    ... okay on input line 10.
LaTeX Font Info:    Checking defaults for OT1/cmr/m/n on input line 10.
LaTeX Font Info:    ... okay on input line 10.
LaTeX Font Info:    Checking defaults for T1/cmr/m/n on input line 10.
LaTeX Font Info:    ... okay on input line 10.
LaTeX Font Info:    Checking defaults for TS1/cmr/m/n on input line 10.
LaTeX Font Info:    ... okay on input line 10.
LaTeX Font Info:    Checking defaults for OMX/cmex/m/n on input line 10.
LaTeX Font Info:    ... okay on input line 10.
LaTeX Font Info:    Checking defaults for U/cmr/m/n on input line 10.
LaTeX Font Info:    ... okay on input line 10.
LaTeX Font Info:    Checking defaults for PD1/pdf/m/n on input line 10.
LaTeX Font Info:    ... okay on input line 10.
LaTeX Font Info:    Checking defaults for PU/pdf/m/n on input line 10.
LaTeX Font Info:    ... okay on input line 10.
Package hyperref Info: Link coloring OFF on input line 10.

(/nix/store/jvgyj33g4m4rhf452ixin41y1sq1946a-texlive-combined-full-2021-final/s
hare/texmf/tex/latex/hyperref/nameref.sty
Package: nameref 2021-04-02 v2.47 Cross-referencing by name of section

(/nix/store/jvgyj33g4m4rhf452ixin41y1sq1946a-texlive-combined-full-2021-final/s
hare/texmf/tex/latex/refcount/refcount.sty
Package: refcount 2019/12/15 v3.6 Data extraction from label references (HO)
)
(/nix/store/jvgyj33g4m4rhf452ixin41y1sq1946a-texlive-combined-full-2021-final/s
hare/texmf/tex/generic/gettitlestring/gettitlestring.sty
Package: gettitlestring 2019/12/15 v1.6 Cleanup title references (HO)
)
\c@section@level=\count270
)
LaTeX Info: Redefining \ref on input line 10.
LaTeX Info: Redefining \pageref on input line 10.
LaTeX Info: Redefining \nameref on input line 10.
\@outlinefile=\write3
\openout3 = `main.out'.

LaTeX Font Info:    External font `cmex10' loaded for size
(Font)              <12> on input line 12.
LaTeX Font Info:    External font `cmex10' loaded for size
(Font)              <8> on input line 12.
LaTeX Font Info:    External font `cmex10' loaded for size
(Font)              <6> on input line 12.

Overfull \hbox (7.33401pt too wide) in paragraph at lines 20--21
[]\OT1/cmr/m/n/10 TurtleBot3 - a robot ^^?osszerak^^Sas^^Sahoz az ^^Sutbaigaz^^
S^^Pt^^Sas itt tal^^Salhat^^So meg, valamint
 []


Overfull \hbox (4.15808pt too wide) in paragraph at lines 25--26
[]\OT1/cmr/m/n/10 Rospy - Python kliens a ROS-hoz. Az els}o linken p^^Seldaprog
ramok tal^^Salhat^^Soak,
 []


Overfull \hbox (19.07373pt too wide) in paragraph at lines 31--32
[]\OT1/cmr/m/n/10 OpenCR: - A motrokat ir^^Sany^^S^^Pt^^So modul, a mo-torkon-t
roller. Itt fontos megeml^^S^^Pteni,
 []

[1

{/nix/store/jvgyj33g4m4rhf452ixin41y1sq1946a-texlive-combined-full-2021-final/s
hare/texmf-var/fonts/map/pdftex/updmap/pdftex.map}]
Overfull \hbox (14.83282pt too wide) in paragraph at lines 46--48
\OT1/cmr/m/n/10 A ROS-ban a sz^^Sam^^S^^Pt^^Sasok elv^^Segz^^Ses^^Sehez ROS-cso
m^^Sopontok n^^Seven is-mert szoftverkom-
 []


Overfull \hbox (13.13977pt too wide) in paragraph at lines 49--50
\OT1/cmr/m/n/10 rospython, valamint az olyan fo-gal-mak meg-val^^Sos^^S^^Pt^^Sa
s^^Sat, mint a t^^Sem^^Sak, csom^^Sopontok,
 []


Overfull \hbox (16.61084pt too wide) in paragraph at lines 55--56
[]\OT1/cmr/m/n/10 Csom^^Sopontok: A sz^^Sam^^S^^Pt^^Sasokat v^^Segz}o folyam-a-
tokat csom^^Sopontoknak nevezz^^?uk,
 []


Overfull \hbox (8.36069pt too wide) in paragraph at lines 55--56
\OT1/cmr/m/n/10 melyek l^^Setrehoz^^Sas^^Sahoz a roscpp ^^Ses rospy ROS kliensk
^^?onyvt^^Sarakat haszn^^Saljuk.
 []


Overfull \hbox (12.02863pt too wide) in paragraph at lines 55--56
\OT1/cmr/m/n/10 Ezek-ben a kom-mu-nik^^Saci^^So t^^?obb form^^Saj^^Sat is meg-v
al^^Sos^^S^^Pthatjuk a kliensk^^?onyvt^^Sari
 []


Overfull \hbox (0.63847pt too wide) in paragraph at lines 55--56
\OT1/cmr/m/n/10 lada-tok elv^^Segz^^Ses^^Sere, valamint ROS kom-mu-nik^^Saci^^S
os pro-tokol-lok seg^^S^^Pts^^Seg^^Sevel
 []


Overfull \hbox (27.54604pt too wide) in paragraph at lines 55--56
\OT1/cmr/m/n/10 kom-mu-nik^^Salhatnak egym^^Sassal ^^Ses os-zthat-nak meg ada-t
okat. A ROS-csom^^Sopontok
 []


Overfull \hbox (26.88979pt too wide) in paragraph at lines 55--56
\OT1/cmr/m/n/10 egyik c^^Selja, hogy ink^^Sabb kis folyam-a-tokat ^^Sep^^S^^Pts
^^?unk ki minim^^Salis funkcionalit^^Sassal,
 []


Overfull \hbox (6.86188pt too wide) in paragraph at lines 56--57
\OT1/cmr/m/n/10 csom^^Sopont sz^^Sam^^Sara, en^^Selk^^?ul a csom^^Sopontok nem 
tudj^^Sak meg-tal^^Salni egym^^Sast,
 []


Overfull \hbox (22.9441pt too wide) in paragraph at lines 57--58
[]\OT1/cmr/m/n/10 Param^^Seter-kiszolg^^Sal^^So: A param^^Seterkiszolg^^Sal^^So
 haszn^^Salat^^Saval egy helyen tarthatja
 []


Overfull \hbox (48.15588pt too wide) in paragraph at lines 57--58
\OT1/cmr/m/n/10 ^^Sert^^Sekekhez ^^Ses ellen}orizheti azokat. A ROS Mas-ter tar
-tal-maz egy param^^Seterkiszolg^^Sal^^Sot. 
 []


Overfull \hbox (0.99135pt too wide) in paragraph at lines 58--59
\OT1/cmr/m/n/10 eszk^^?ozei. Egyszer}uen fo-gal-mazva, az ^^?uzenet egy olyan a
dat-sz-erkezet, amely
 []


Overfull \hbox (1.38962pt too wide) in paragraph at lines 58--59
\OT1/cmr/m/n/10 egy tipiz^^Salt mez}ovel ren-delkezik, amely egy adatgy}ujtem^^
Senyt tar-tal-mazhat,
 []


Overfull \hbox (23.32368pt too wide) in paragraph at lines 58--59
\OT1/cmr/m/n/10 ^^Ses tov^^Sabb^^S^^Pthat^^So egy m^^Sasik csom^^Sopontnak. A R
OS-^^?uzenetek eg^^Sesz, lebeg}opontos,
 []


Overfull \hbox (0.1662pt too wide) in paragraph at lines 59--60
[]\OT1/cmr/m/n/10 T^^Sem^^Sak: A ROS-ban min-den kom-mu-nik^^Saci^^So egyedi n^
^Sevvel ren-delkez}o topic-
 []


Overfull \hbox (3.44508pt too wide) in paragraph at lines 59--60
\OT1/cmr/m/n/10 kereszt^^?ul ^^?uzenetet k^^?uld, valamint fe-li-ratkozik egy t
op-i-cra, ame-lyen kereszt^^?ul
 []


Overfull \hbox (3.68587pt too wide) in paragraph at lines 59--60
\OT1/cmr/m/n/10 nincs kiad^^Soja. M^^Sas sz^^Soval az in-form^^Saci^^So l^^Setr
ehoz^^Sasa ^^Ses fo-gyaszt^^Sasa k^^?ul^^?on^^Sall^^So
 []

[2]
Overfull \hbox (16.00075pt too wide) in paragraph at lines 66--67
\OT1/cmr/m/n/10 szolg^^Saltat^^Sasokat ^^Ses param^^Setereket egy csom^^Sopont 
haszn^^Salhatja m^^Sas csom^^Sopontokhoz
 []


Overfull \hbox (19.2959pt too wide) in paragraph at lines 68--69
[]\OT1/cmr/m/n/10 A rend-szer hi-bat}ur}ov^^Se tehet}o a csom^^Sopontok haszn^^
Salat^^Saval. Egy tel-jes robotrend-
 []

[3]
Overfull \hbox (24.38843pt too wide) in paragraph at lines 103--104
\OT1/cmr/m/n/10 A ROS-csom^^Sopontok ^^?uzeneteket cser^^Selnek egym^^Sassal eg
y t^^Sem^^Saba val^^So ^^?uzenetk^^?uld^^Sessel.
 []


Overfull \hbox (52.08417pt too wide) in paragraph at lines 109--110
[]\OT1/cmr/m/n/10 Annak meg^^Sallap^^S^^Pt^^Sasakor, hogy a kiad^^So ^^Ses az e
l}ofizet}o ugyana-zokat az ^^?uzenetadatt^^S^^Ppusokat
 []

[4]
Overfull \hbox (26.62926pt too wide) in paragraph at lines 140--141
\OT1/cmr/m/n/10 top-ikokhoz val^^So csat-lakoz^^Sashoz. A ROS-ban ezt a tech-ni
k^^Sat haszn^^Salj^^Sak alap^^Sertelmezett
 []


Overfull \hbox (0.85147pt too wide) in paragraph at lines 140--141
\OT1/cmr/m/n/10 sz^^Sall^^S^^Pt^^Sasi mech-a-niz-musk^^Sent. A kom-mu-nik^^Saci
^^So m^^Sasik form^^Saja az UD-PROS, amely
 []

[5]
Overfull \hbox (3.52736pt too wide) in paragraph at lines 180--181
\OT1/cmr/m/n/10 A ROS-szolg^^Saltat^^Sasokat min-den olyan es-et-ben haszn^^Sal
ni kell, amikor k^^Ser^^Ses/v^^Salasz
 []


Overfull \hbox (11.11166pt too wide) in paragraph at lines 184--185
[]\OT1/cmr/m/n/10 Egy csom^^Sopont egysz-erre szolg^^Sal kliensk^^Sent ^^Ses sz
-erverk^^Sent a ROS-szolg^^Saltat^^Sasok
 []


Overfull \hbox (0.17297pt too wide) in paragraph at lines 186--187
\OT1/cmr/m/n/10 p^^Sald^^Saul ha a my[]package/Image el^^Serheti a my[]package/
srv/Image.srv ^^Sallom^^Sanyt. 
 []


Overfull \hbox (2.52837pt too wide) in paragraph at lines 190--191
\OT1/cmr/m/n/10 k^^?ul^^?onb^^?oz}o szolg^^Saltat^^Sast^^S^^Ppusok megis-mer^^S
es^^Sehez haszn^^Salja az els}o eszk^^?ozt, a rossrv-
 []


Overfull \hbox (7.40694pt too wide) in paragraph at lines 190--191
\OT1/cmr/m/n/10 t, amely meg-e-gyezik a rosmsg-gel. A k^^?ovetkez}o parancs, a 
rosser-vice, az aktu^^Salisan
 []

[6]
Overfull \hbox (4.22289pt too wide) in paragraph at lines 201--203
[]\OT1/cmr/m/n/10 Ez a parancs a megadott szolg^^Saltat^^Sast^^S^^Ppusba tar-to
z^^So szolg^^Saltat^^Sasokat keresi. 
 []


Overfull \hbox (8.30515pt too wide) in paragraph at lines 231--232
[]\OT1/cmr/m/n/10 A megadott t^^Sem^^Sakat ez a parancs r^^?ogz^^S^^Pti a paran
cs ^^Saltal megadott zs^^Sakf^^Sajlba.
 []


Overfull \hbox (12.2124pt too wide) in paragraph at lines 239--240
\OT1/cmr/m/n/10 elkezdi megk-eresni a ROS Master-t ^^Ses reg-isztr^^Salni a nev
^^Set. En-nek eredm^^Senyek^^Seppen
 []


Overfull \hbox (0.21362pt too wide) in paragraph at lines 239--240
\OT1/cmr/m/n/10 rendszerben. Vis-szah^^S^^Pv^^Sast gener^^Sal, ^^Ses friss^^S^^
Pti a legfris-sebb in-form^^Saci^^Sokkal, amikor
 []

[7]
Overfull \hbox (0.35147pt too wide) in paragraph at lines 241--242
\OT1/cmr/m/n/10 ROS Master-t a t^^Sema nev^^Ser}ol ^^Ses adatt^^S^^Ppus^^Sar^^S
ol. Ha van-nak tov^^Sabbi csom^^Sopontok,
 []


Overfull \hbox (0.74957pt too wide) in paragraph at lines 241--242
\OT1/cmr/m/n/10 csom^^Sopontadatok ^^Satv^^Setele ut^^San a TCP/IP-alap^^Su TCP
ROS pro-tokoll seg^^S^^Pts^^Seg^^Sevel
 []


Overfull \hbox (18.33182pt too wide) in paragraph at lines 243--244
[]\OT1/cmr/m/n/10 A ROS kliensk^^?onyvt^^Sarak, k^^?ozt^^?uk a roscpp ^^Ses a r
ospy a csom^^Sopontok l^^Setrehoz^^Sas^^Sara
 []


Overfull \hbox (2.16501pt too wide) in paragraph at lines 243--244
\OT1/cmr/m/n/10 a ROS Mas-ter-rel, ame-lyek a ROS rend-szer API-k rend-sz-erh^^
Satterek^^Sent szolg^^Salnak. 
 []


LaTeX Warning: Citation `joseph:ros' on page 8 undefined on input line 246.

No file main.bbl.

Overfull \hbox (3.78058pt too wide) in paragraph at lines 245--248
[]\OT1/cmr/m/n/10 A ROS Mas-ter IP-c^^S^^Pme ^^Ses portja a ROS[]MASTER[]URI k^
^?ornyezeti v^^Saltoz^^Soban
 []


Overfull \hbox (23.42288pt too wide) in paragraph at lines 245--248
\OT1/cmr/m/n/10 a fel-dol-goz^^Sas sok fizikai g^^Sepen za-j-lik, helye-sen kel
l defini^^Salnunk a ROS[]MASTER[]URI-
 []


Overfull \hbox (8.58406pt too wide) in paragraph at lines 245--248
\OT1/cmr/m/n/10 hoz, hogy a t^^Savoli ROS-csom^^Sopontok el^^Serj^^Sek a Master
-t, an-nak olyan sz^^Sam^^S^^Pt^^Sog^^Sepen
 []

[8] (./main.aux)

LaTeX Warning: There were undefined references.


Package rerunfilecheck Warning: File `main.out' has changed.
(rerunfilecheck)                Rerun to get outlines right
(rerunfilecheck)                or use package `bookmark'.

Package rerunfilecheck Info: Checksums for `main.out':
(rerunfilecheck)             Before: <no file>
(rerunfilecheck)             After:  C3C9A882EEC814BD860650DE255E3062;1077.
 ) 
Here is how much of TeX's memory you used:
 7313 strings out of 478278
 120935 string characters out of 5819600
 414344 words of memory out of 5000000
 25456 multiletter control sequences out of 15000+600000
 474017 words of font info for 44 fonts, out of 8000000 for 9000
 1141 hyphenation exceptions out of 8191
 60i,5n,63p,993b,529s stack positions out of 5000i,500n,10000p,200000b,80000s
{/nix/store/jvgyj33g4m4rhf452ixin41y1sq1946a-texlive-combined-full-2021-final
/share/texmf/fonts/enc/dvips/cm-super/cm-super-ts1.enc}</nix/store/jvgyj33g4m4r
hf452ixin41y1sq1946a-texlive-combined-full-2021-final/share/texmf/fonts/type1/p
ublic/amsfonts/cm/cmbx10.pfb></nix/store/jvgyj33g4m4rhf452ixin41y1sq1946a-texli
ve-combined-full-2021-final/share/texmf/fonts/type1/public/amsfonts/cm/cmbx12.p
fb></nix/store/jvgyj33g4m4rhf452ixin41y1sq1946a-texlive-combined-full-2021-fina
l/share/texmf/fonts/type1/public/amsfonts/cm/cmr10.pfb></nix/store/jvgyj33g4m4r
hf452ixin41y1sq1946a-texlive-combined-full-2021-final/share/texmf/fonts/type1/p
ublic/amsfonts/cm/cmr17.pfb></nix/store/jvgyj33g4m4rhf452ixin41y1sq1946a-texliv
e-combined-full-2021-final/share/texmf/fonts/type1/public/amsfonts/cm/cmtt10.pf
b></nix/store/jvgyj33g4m4rhf452ixin41y1sq1946a-texlive-combined-full-2021-final
/share/texmf/fonts/type1/public/cm-super/sfrm1000.pfb>
Output written on main.pdf (8 pages, 96492 bytes).
PDF statistics:
 108 PDF objects out of 1000 (max. 8388607)
 85 compressed objects within 1 object stream
 25 named destinations out of 1000 (max. 500000)
 1 words of extra memory for PDF output out of 10000 (max. 10000000)

